2021-03-29 17:19:02-587379 You had select Firefox browser!
2021-03-29 17:19:02-587379 You had select None 
2021-03-29 17:19:02-587379 The test server url is http://192.168.1.25/crmViewX
2021-03-29 17:19:08-810020 Starting Firefox browser!
2021-03-29 17:19:09-364455 Open url http://192.168.1.25/crmViewX 
2021-03-29 17:19:09-367446 Set implicitly wait 10
2021-03-29 17:19:09-489119 Had find the element '  ' successfully by id via value:username
2021-03-29 17:19:09-537990 Had type ' 15515381638 ' in inputBox
2021-03-29 17:19:09-564917 Had find the element '  ' successfully by id via value:password
2021-03-29 17:19:09-602817 Had type ' 18002269982 ' in inputBox
2021-03-29 17:19:09-628746 Had find the element ' 登录 ' successfully by css selector via value:.loginItem .layui-form-item button
2021-03-29 17:19:09-853145 The element was click
2021-03-29 17:19:10-081536 Had find the element ' 客户管理 ' successfully by xpath via value://cite[contains(text(),"客户管理")]
2021-03-29 17:19:10-134394 Had find the element ' 客户管理 ' successfully by xpath via value://cite[contains(text(),"客户管理")]
2021-03-29 17:19:10-355805 The element was click
2021-03-29 17:19:10-446560 Had find the element ' 待跟客户 ' successfully by xpath via value://cite[contains(text(),"待跟客户")]
2021-03-29 17:19:10-533327 Had find the element ' 待跟客户 ' successfully by xpath via value://cite[contains(text(),"待跟客户")]
2021-03-29 17:19:10-761716 The element was click
2021-03-29 17:19:10-782659 Had find the element '  ' successfully by xpath via value://iframe[@src="pages/market/wait/wait.html"]
2021-03-29 17:19:10-794628 Switch to the iframe
2021-03-29 17:19:11-368041 Had find the element ' 创建客户 ' successfully by xpath via value://button[@permission="45" and @lay-event="createCus"]
2021-03-29 17:19:11-740047 The page has been refreshed
2021-03-29 17:19:11-935523 Had find the element ' 首页概览 ' successfully by xpath via value://cite[contains(text(),"首页概览")]
2021-03-29 17:19:12-006334 Had find the element ' 首页概览 ' successfully by xpath via value://cite[contains(text(),"首页概览")]
2021-03-29 17:19:12-253672 The element was click
