2021-03-29 17:24:54-832787 You had select Firefox browser!
2021-03-29 17:24:54-832787 You had select None 
2021-03-29 17:24:54-832787 The test server url is http://192.168.1.25/crmViewX
2021-03-29 17:25:01-576356 Starting Firefox browser!
2021-03-29 17:25:02-252119 Open url http://192.168.1.25/crmViewX 
2021-03-29 17:25:02-255112 Set implicitly wait 10
2021-03-29 17:25:02-398727 Had find the element '  ' successfully by id via value:username
2021-03-29 17:25:02-482503 Had type ' 15515381638 ' in inputBox
2021-03-29 17:25:02-503447 Had find the element '  ' successfully by id via value:password
2021-03-29 17:25:02-522396 Had type ' 18002269982 ' in inputBox
2021-03-29 17:25:02-546331 Had find the element ' 登录 ' successfully by css selector via value:.loginItem .layui-form-item button
2021-03-29 17:25:02-766742 The element was click
2021-03-29 17:25:03-021062 Had find the element ' 客户管理 ' successfully by xpath via value://cite[contains(text(),"客户管理")]
2021-03-29 17:25:03-091873 Had find the element ' 客户管理 ' successfully by xpath via value://cite[contains(text(),"客户管理")]
2021-03-29 17:25:03-349184 The element was click
2021-03-29 17:25:03-436950 Had find the element ' 待跟客户 ' successfully by xpath via value://cite[contains(text(),"待跟客户")]
2021-03-29 17:25:03-470859 Had find the element ' 待跟客户 ' successfully by xpath via value://cite[contains(text(),"待跟客户")]
2021-03-29 17:25:03-698249 The element was click
2021-03-29 17:25:03-718196 Had find the element '  ' successfully by xpath via value://iframe[@src="pages/market/wait/wait.html"]
2021-03-29 17:25:03-733157 Switch to the iframe
2021-03-29 17:25:03-832890 Had find the element ' 创建客户 ' successfully by xpath via value://button[@permission="45" and @lay-event="createCus"]
2021-03-29 17:25:04-190932 The page has been refreshed
2021-03-29 17:25:04-397398 Had find the element ' 首页概览 ' successfully by xpath via value://cite[contains(text(),"首页概览")]
2021-03-29 17:25:04-463222 Had find the element ' 首页概览 ' successfully by xpath via value://cite[contains(text(),"首页概览")]
2021-03-29 17:25:04-708566 The element was click
