2021-03-29 11:50:12-495756 You had select Chrome browser!
2021-03-29 11:50:12-495756 You had select E:\Python\chromedriver_win32\chromedriver.exe 
2021-03-29 11:50:12-495756 The test server url is http://192.168.1.25/crmViewX
2021-03-29 11:50:14-530905 Starting Chorme browser!
2021-03-29 11:50:14-861627 Open url http://192.168.1.25/crmViewX 
2021-03-29 11:50:14-865617 Set implicitly wait 10
2021-03-29 11:50:14-960363 Had find the element '  ' successfully by id via value:username
2021-03-29 11:50:15-089789 Had type ' 15515381638 ' in inputBox
2021-03-29 11:50:15-136651 Had find the element '  ' successfully by id via value:password
2021-03-29 11:50:15-282045 Had type ' 18002269982 ' in inputBox
2021-03-29 11:50:15-308973 Had find the element ' 登录 ' successfully by css selector via value:.loginItem .layui-form-item button
2021-03-29 11:50:15-354812 The element was click
2021-03-29 11:50:15-899977 Had find the element ' 客户管理 ' successfully by xpath via value://cite[contains(text(),"客户管理")]
2021-03-29 11:50:16-017663 Had find the element ' 客户管理 ' successfully by xpath via value://cite[contains(text(),"客户管理")]
2021-03-29 11:50:16-057555 The element was click
2021-03-29 11:50:16-731754 Had find the element ' 待跟客户 ' successfully by xpath via value://cite[contains(text(),"待跟客户")]
2021-03-29 11:50:16-981085 Had find the element ' 待跟客户 ' successfully by xpath via value://cite[contains(text(),"待跟客户")]
2021-03-29 11:50:17-183544 The element was click
2021-03-29 11:50:17-332146 Had find the element '  ' successfully by xpath via value://iframe[@src="pages/market/wait/wait.html"]
2021-03-29 11:50:17-513660 Switch to the iframe
2021-03-29 11:50:18-257452 Had find the element ' 创建客户 ' successfully by xpath via value://button[@permission="45" and @lay-event="createCus"]
2021-03-29 11:50:18-342190 The element was click
2021-03-29 11:50:18-388057 Had find the element '  ' successfully by id via value:layui-layer-iframe2
2021-03-29 11:50:18-501756 Switch to the iframe
2021-03-29 11:50:18-535664 Had find the element '  ' successfully by xpath via value://input[@type="text" and @placeholder="公司名称"]
2021-03-29 11:50:18-794339 Had type ' 公司名称20210329115018 ' in inputBox
2021-03-29 11:50:18-827250 Had find the element '  ' successfully by xpath via value://input[@type="text" and @placeholder="联系电话"]
2021-03-29 11:50:18-948926 Had type ' 18973409353 ' in inputBox
2021-03-29 11:50:18-973858 Had find the element '  ' successfully by xpath via value://input[@type="text" and @placeholder="联系微信"]
2021-03-29 11:50:19-074925 Had type ' wx20210329115018 ' in inputBox
2021-03-29 11:50:19-101594 Had find the element '  ' successfully by xpath via value://input[@type="text" and @placeholder="联系QQ"]
2021-03-29 11:50:19-191935 Had type ' 15850501585 ' in inputBox
2021-03-29 11:50:19-219461 Had find the element '  ' successfully by xpath via value://input[@type="text" and @placeholder="联系人员"]
2021-03-29 11:50:19-324315 Had type ' 联系人20210329115018 ' in inputBox
2021-03-29 11:50:19-354187 Had find the element '  ' successfully by xpath via value://input[@type="text" and @placeholder="email"]
2021-03-29 11:50:19-471735 Had type ' 14522960121@test.com ' in inputBox
2021-03-29 11:50:19-495831 Had find the element '  ' successfully by xpath via value://input[@type="text" and @placeholder="部门职位"]
2021-03-29 11:50:19-574572 Had type ' 董事长助理 ' in inputBox
2021-03-29 11:50:19-603215 Had find the element '  ' successfully by xpath via value://input[@type="text" and @placeholder="咨询资质"]
2021-03-29 11:50:19-679477 Had type ' 工程造价 ' in inputBox
2021-03-29 11:50:19-703889 Had find the element ' 请选择地区 ' successfully by css selector via value:#xmSelect div.xm-tips
2021-03-29 11:50:19-810768 The element was click
2021-03-29 11:50:20-336673 Had find the element ' 广东省 ' successfully by xpath via value://div[contains(text(),"广东省")]
2021-03-29 11:50:20-459882 The element was click
2021-03-29 11:50:20-983447 Had find the element ' 广州市 ' successfully by xpath via value://div[contains(text(),"广州市")]
2021-03-29 11:50:21-190893 The element was click
2021-03-29 11:50:21-223805 Had find the element '  ' successfully by xpath via value://input[@type="text" and @placeholder="请选择资质类型"]
2021-03-29 11:50:21-341491 The element was click
2021-03-29 11:50:21-372407 Had find the element ' 施工 ' successfully by xpath via value://dd[contains(text(),"施工")]
2021-03-29 11:50:21-508044 The element was click
2021-03-29 11:50:21-537965 Had find the element '  ' successfully by css selector via value:#mount #text_txt1
2021-03-29 11:50:21-667964 Had type ' 测试创建客户20210329115018 ' in inputBox
2021-03-29 11:50:21-690902 Had find the element ' 信息保存 ' successfully by css selector via value:#mount .layui-btn
2021-03-29 11:50:21-787644 The element was click
2021-03-29 11:50:24-882203 The page has been refreshed
2021-03-29 11:50:25-110615 Had find the element '  ' successfully by xpath via value://iframe[@src="pages/market/wait/wait.html"]
2021-03-29 11:50:25-188408 Switch to the iframe
2021-03-29 11:50:25-224312 Had find the element '  ' successfully by id via value:cnOrPnOrPInp
2021-03-29 11:50:25-372913 Had type ' 公司名称20210329115018 ' in inputBox
2021-03-29 11:50:25-398845 Had find the element ' 查询 ' successfully by id via value:search
2021-03-29 11:50:25-935730 The element was click
