2021-03-29 17:23:12-227967 You had select Firefox browser!
2021-03-29 17:23:12-227967 You had select None 
2021-03-29 17:23:12-227967 The test server url is http://192.168.1.25/crmViewX
2021-03-29 17:23:19-008637 Starting Firefox browser!
2021-03-29 17:23:19-631069 Open url http://192.168.1.25/crmViewX 
2021-03-29 17:23:19-633063 Set implicitly wait 10
2021-03-29 17:23:19-752742 Had find the element '  ' successfully by id via value:username
2021-03-29 17:23:19-799618 Had type ' 15515381638 ' in inputBox
2021-03-29 17:23:19-825564 Had find the element '  ' successfully by id via value:password
2021-03-29 17:23:19-853475 Had type ' 18002269982 ' in inputBox
2021-03-29 17:23:19-896359 Had find the element ' 登录 ' successfully by css selector via value:.loginItem .layui-form-item button
2021-03-29 17:23:20-121755 The element was click
2021-03-29 17:23:20-375078 Had find the element ' 客户管理 ' successfully by xpath via value://cite[contains(text(),"客户管理")]
2021-03-29 17:23:20-437910 Had find the element ' 客户管理 ' successfully by xpath via value://cite[contains(text(),"客户管理")]
2021-03-29 17:23:20-662314 The element was click
2021-03-29 17:23:20-783983 Had find the element ' 待跟客户 ' successfully by xpath via value://cite[contains(text(),"待跟客户")]
2021-03-29 17:23:20-817893 Had find the element ' 待跟客户 ' successfully by xpath via value://cite[contains(text(),"待跟客户")]
2021-03-29 17:23:21-044288 The element was click
2021-03-29 17:23:21-062240 Had find the element '  ' successfully by xpath via value://iframe[@src="pages/market/wait/wait.html"]
2021-03-29 17:23:21-070218 Switch to the iframe
2021-03-29 17:23:21-665999 Had find the element ' 创建客户 ' successfully by xpath via value://button[@permission="45" and @lay-event="createCus"]
2021-03-29 17:23:21-887652 The element was click
2021-03-29 17:23:21-933534 Had find the element '  ' successfully by id via value:layui-layer-iframe2
2021-03-29 17:23:21-951484 Switch to the iframe
2021-03-29 17:23:22-088115 Had find the element '  ' successfully by xpath via value://input[@type="text" and @placeholder="公司名称"]
2021-03-29 17:23:22-123023 Had type ' 公司名称20210329172321 ' in inputBox
2021-03-29 17:23:22-146958 Had find the element '  ' successfully by xpath via value://input[@type="text" and @placeholder="联系电话"]
2021-03-29 17:23:22-164910 Had type ' 15238019369 ' in inputBox
2021-03-29 17:23:22-187848 Had find the element '  ' successfully by xpath via value://input[@type="text" and @placeholder="联系微信"]
2021-03-29 17:23:22-213781 Had type ' wx20210329172321 ' in inputBox
2021-03-29 17:23:22-233726 Had find the element '  ' successfully by xpath via value://input[@type="text" and @placeholder="联系QQ"]
2021-03-29 17:23:22-252675 Had type ' 15034878206 ' in inputBox
2021-03-29 17:23:22-271624 Had find the element '  ' successfully by xpath via value://input[@type="text" and @placeholder="联系人员"]
2021-03-29 17:23:22-296559 Had type ' 联系人20210329172321 ' in inputBox
2021-03-29 17:23:22-315507 Had find the element '  ' successfully by xpath via value://input[@type="text" and @placeholder="email"]
2021-03-29 17:23:22-345427 Had type ' 14562539030@test.com ' in inputBox
2021-03-29 17:23:22-366374 Had find the element '  ' successfully by xpath via value://input[@type="text" and @placeholder="部门职位"]
2021-03-29 17:23:22-384323 Had type ' 董事长助理 ' in inputBox
2021-03-29 17:23:22-407271 Had find the element '  ' successfully by xpath via value://input[@type="text" and @placeholder="咨询资质"]
2021-03-29 17:23:22-421601 Had type ' 工程造价 ' in inputBox
2021-03-29 17:23:22-443545 Had find the element ' 请选择地区 ' successfully by css selector via value:#xmSelect div.xm-tips
2021-03-29 17:23:22-669295 The element was click
2021-03-29 17:23:23-186704 Had find the element ' 广东省 ' successfully by xpath via value://div[contains(text(),"广东省")]
2021-03-29 17:23:23-408695 The element was click
2021-03-29 17:23:23-955872 Had find the element ' 广州市 ' successfully by xpath via value://div[contains(text(),"广州市")]
2021-03-29 17:23:24-183324 The element was click
2021-03-29 17:23:24-203294 Had find the element '  ' successfully by xpath via value://input[@type="text" and @placeholder="请选择资质类型"]
2021-03-29 17:23:24-422491 The element was click
2021-03-29 17:23:24-445430 Had find the element ' 施工 ' successfully by xpath via value://dd[contains(text(),"施工")]
2021-03-29 17:23:24-659272 The element was click
2021-03-29 17:23:24-698165 Had find the element '  ' successfully by css selector via value:#mount #text_txt1
2021-03-29 17:23:24-722101 Had type ' 测试创建客户20210329172321 ' in inputBox
2021-03-29 17:23:24-746913 Had find the element ' 信息保存 ' successfully by css selector via value:#mount .layui-btn
2021-03-29 17:23:24-970384 The element was click
2021-03-29 17:23:28-154286 The page has been refreshed
2021-03-29 17:23:28-390659 Had find the element '  ' successfully by xpath via value://iframe[@src="pages/market/wait/wait.html"]
2021-03-29 17:23:28-432542 Switch to the iframe
2021-03-29 17:23:28-487396 Had find the element '  ' successfully by id via value:cnOrPnOrPInp
2021-03-29 17:23:28-537261 Had type ' 公司名称20210329172321 ' in inputBox
2021-03-29 17:23:28-569175 Had find the element ' 查询 ' successfully by id via value:search
2021-03-29 17:23:28-800557 The element was click
2021-03-29 17:23:39-365063 Timeout查找元素超时
2021-03-29 17:23:49-368558 NoSuchElementException:Message: Unable to locate element: .layui-table-main tbody td:nth-child(4)

2021-03-29 17:23:49-432389 Had take screenshot and save to folder : /screenshots
2021-03-29 17:23:49-762505 The page has been refreshed
2021-03-29 17:23:49-932054 Had find the element ' 首页概览 ' successfully by xpath via value://cite[contains(text(),"首页概览")]
2021-03-29 17:23:50-025800 Had find the element ' 首页概览 ' successfully by xpath via value://cite[contains(text(),"首页概览")]
2021-03-29 17:23:50-280120 The element was click
