2021-03-29 17:23:54-790646 You had select Firefox browser!
2021-03-29 17:23:54-790646 You had select None 
2021-03-29 17:23:54-790646 The test server url is http://192.168.1.25/crmViewX
2021-03-29 17:24:01-041005 Starting Firefox browser!
2021-03-29 17:24:01-574577 Open url http://192.168.1.25/crmViewX 
2021-03-29 17:24:01-577568 Set implicitly wait 10
2021-03-29 17:24:01-705226 Had find the element '  ' successfully by id via value:username
2021-03-29 17:24:01-761078 Had type ' 15515381638 ' in inputBox
2021-03-29 17:24:01-786011 Had find the element '  ' successfully by id via value:password
2021-03-29 17:24:01-829894 Had type ' 18002269982 ' in inputBox
2021-03-29 17:24:01-866794 Had find the element ' 登录 ' successfully by css selector via value:.loginItem .layui-form-item button
2021-03-29 17:24:02-115130 The element was click
2021-03-29 17:24:02-356485 Had find the element ' 客户管理 ' successfully by xpath via value://cite[contains(text(),"客户管理")]
2021-03-29 17:24:02-415329 Had find the element ' 客户管理 ' successfully by xpath via value://cite[contains(text(),"客户管理")]
2021-03-29 17:24:02-636735 The element was click
2021-03-29 17:24:02-674633 Had find the element ' 待跟客户 ' successfully by xpath via value://cite[contains(text(),"待跟客户")]
2021-03-29 17:24:02-825231 Had find the element ' 待跟客户 ' successfully by xpath via value://cite[contains(text(),"待跟客户")]
2021-03-29 17:24:03-058607 The element was click
2021-03-29 17:24:03-088526 Had find the element '  ' successfully by xpath via value://iframe[@src="pages/market/wait/wait.html"]
2021-03-29 17:24:03-100497 Switch to the iframe
2021-03-29 17:24:03-750070 Had find the element ' 创建客户 ' successfully by xpath via value://button[@permission="45" and @lay-event="createCus"]
2021-03-29 17:24:03-969455 The element was click
2021-03-29 17:24:04-184880 Had find the element '  ' successfully by id via value:layui-layer-iframe2
2021-03-29 17:24:04-200836 Switch to the iframe
2021-03-29 17:24:04-222776 Had find the element '  ' successfully by xpath via value://input[@type="text" and @placeholder="公司名称"]
2021-03-29 17:24:04-255689 Had type ' 公司名称20210329172404 ' in inputBox
2021-03-29 17:24:04-281619 Had find the element '  ' successfully by xpath via value://input[@type="text" and @placeholder="联系电话"]
2021-03-29 17:24:04-317523 Had type ' 17534443929 ' in inputBox
2021-03-29 17:24:04-339464 Had find the element '  ' successfully by xpath via value://input[@type="text" and @placeholder="联系微信"]
2021-03-29 17:24:04-380356 Had type ' wx20210329172404 ' in inputBox
2021-03-29 17:24:04-404291 Had find the element '  ' successfully by xpath via value://input[@type="text" and @placeholder="联系QQ"]
2021-03-29 17:24:04-450169 Had type ' 18643119140 ' in inputBox
2021-03-29 17:24:04-477097 Had find the element '  ' successfully by xpath via value://input[@type="text" and @placeholder="联系人员"]
2021-03-29 17:24:04-512003 Had type ' 联系人20210329172404 ' in inputBox
2021-03-29 17:24:04-530952 Had find the element '  ' successfully by xpath via value://input[@type="text" and @placeholder="email"]
2021-03-29 17:24:04-563864 Had type ' 15813456478@test.com ' in inputBox
2021-03-29 17:24:04-582814 Had find the element '  ' successfully by xpath via value://input[@type="text" and @placeholder="部门职位"]
2021-03-29 17:24:04-609741 Had type ' 董事长助理 ' in inputBox
2021-03-29 17:24:04-632681 Had find the element '  ' successfully by xpath via value://input[@type="text" and @placeholder="咨询资质"]
2021-03-29 17:24:04-661604 Had type ' 工程造价 ' in inputBox
2021-03-29 17:24:15-557384 Had find the element ' 请选择地区 ' successfully by css selector via value:#xmSelect div.xm-tips
2021-03-29 17:24:15-789282 The element was click
2021-03-29 17:24:16-306619 Had find the element ' 广东省 ' successfully by xpath via value://div[contains(text(),"广东省")]
2021-03-29 17:24:16-538356 The element was click
2021-03-29 17:24:17-061964 Had find the element ' 广州市 ' successfully by xpath via value://div[contains(text(),"广州市")]
2021-03-29 17:24:17-309317 The element was click
2021-03-29 17:24:17-324938 Had find the element '  ' successfully by xpath via value://input[@type="text" and @placeholder="请选择资质类型"]
2021-03-29 17:24:17-553708 The element was click
2021-03-29 17:24:17-586621 Had find the element ' 施工 ' successfully by xpath via value://dd[contains(text(),"施工")]
2021-03-29 17:24:17-815202 The element was click
2021-03-29 17:24:17-893953 Had find the element '  ' successfully by css selector via value:#mount #text_txt1
2021-03-29 17:24:17-956782 Had type ' 测试创建客户20210329172404 ' in inputBox
2021-03-29 17:24:17-976727 Had find the element ' 信息保存 ' successfully by css selector via value:#mount .layui-btn
2021-03-29 17:24:18-205168 The element was click
2021-03-29 17:24:21-363605 The page has been refreshed
2021-03-29 17:24:21-552099 Had find the element '  ' successfully by xpath via value://iframe[@src="pages/market/wait/wait.html"]
2021-03-29 17:24:21-573046 Switch to the iframe
2021-03-29 17:24:21-613933 Had find the element '  ' successfully by id via value:cnOrPnOrPInp
2021-03-29 17:24:21-642856 Had type ' 公司名称20210329172404 ' in inputBox
2021-03-29 17:24:21-673773 Had find the element ' 查询 ' successfully by id via value:search
2021-03-29 17:24:21-900169 The element was click
2021-03-29 17:24:32-411769 Timeout查找元素超时
2021-03-29 17:24:42-195954 Had find the element ' 公司名称20210329172404 ' successfully by css selector via value:.layui-table-main tbody td:nth-child(4)
2021-03-29 17:24:42-249363 Had find the element ' 17534443929（电话） ' successfully by css selector via value:.layui-table-main tbody td:nth-child(6)
2021-03-29 17:24:42-280612 Had find the element ' 联系人20210329172404 ' successfully by css selector via value:.layui-table-main tbody td:nth-child(5)
2021-03-29 17:24:42-466591 The page has been refreshed
2021-03-29 17:24:42-632148 Had find the element ' 首页概览 ' successfully by xpath via value://cite[contains(text(),"首页概览")]
2021-03-29 17:24:42-719914 Had find the element ' 首页概览 ' successfully by xpath via value://cite[contains(text(),"首页概览")]
2021-03-29 17:24:42-969245 The element was click
