2021-03-29 16:28:58-033078 You had select Firefox browser!
2021-03-29 16:28:58-033078 You had select None 
2021-03-29 16:28:58-033078 The test server url is http://192.168.1.25/crmViewX
2021-03-29 16:29:04-362276 Starting Firefox browser!
2021-03-29 16:29:05-222619 Open url http://192.168.1.25/crmViewX 
2021-03-29 16:29:05-229601 Set implicitly wait 10
2021-03-29 16:29:05-381195 Had find the element '  ' successfully by id via value:username
2021-03-29 16:29:05-435051 Had type ' 15515381638 ' in inputBox
2021-03-29 16:29:05-461979 Had find the element '  ' successfully by id via value:password
2021-03-29 16:29:05-488907 Had type ' 18002269982 ' in inputBox
2021-03-29 16:29:05-513840 Had find the element ' 登录 ' successfully by css selector via value:.loginItem .layui-form-item button
2021-03-29 16:29:05-762176 The element was click
2021-03-29 16:29:06-019487 Had find the element ' 客户管理 ' successfully by xpath via value://cite[contains(text(),"客户管理")]
2021-03-29 16:29:06-080325 Had find the element ' 客户管理 ' successfully by xpath via value://cite[contains(text(),"客户管理")]
2021-03-29 16:29:06-305724 The element was click
2021-03-29 16:29:06-424404 Had find the element ' 待跟客户 ' successfully by xpath via value://cite[contains(text(),"待跟客户")]
2021-03-29 16:29:06-458314 Had find the element ' 待跟客户 ' successfully by xpath via value://cite[contains(text(),"待跟客户")]
2021-03-29 16:29:06-682713 The element was click
2021-03-29 16:29:06-701662 Had find the element '  ' successfully by xpath via value://iframe[@src="pages/market/wait/wait.html"]
2021-03-29 16:29:06-713632 Switch to the iframe
2021-03-29 16:29:07-312602 Had find the element ' 创建客户 ' successfully by xpath via value://button[@permission="45" and @lay-event="createCus"]
2021-03-29 16:29:07-535860 The element was click
2021-03-29 16:29:07-717372 Had find the element '  ' successfully by id via value:layui-layer-iframe2
2021-03-29 16:29:07-722358 Switch to the iframe
2021-03-29 16:29:07-755270 Had find the element '  ' successfully by xpath via value://input[@type="text" and @placeholder="公司名称"]
2021-03-29 16:29:07-797159 Had type ' 公司名称20210329162907 ' in inputBox
2021-03-29 16:29:07-822092 Had find the element '  ' successfully by xpath via value://input[@type="text" and @placeholder="联系电话"]
2021-03-29 16:29:07-856999 Had type ' 15298863099 ' in inputBox
2021-03-29 16:29:07-883926 Had find the element '  ' successfully by xpath via value://input[@type="text" and @placeholder="联系微信"]
2021-03-29 16:29:07-916838 Had type ' wx20210329162907 ' in inputBox
2021-03-29 16:29:07-933792 Had find the element '  ' successfully by xpath via value://input[@type="text" and @placeholder="联系QQ"]
2021-03-29 16:29:07-962716 Had type ' 14948868728 ' in inputBox
2021-03-29 16:29:07-982663 Had find the element '  ' successfully by xpath via value://input[@type="text" and @placeholder="联系人员"]
2021-03-29 16:29:08-019563 Had type ' 联系人20210329162907 ' in inputBox
2021-03-29 16:29:08-046491 Had find the element '  ' successfully by xpath via value://input[@type="text" and @placeholder="email"]
2021-03-29 16:29:08-086385 Had type ' 18272500536@test.com ' in inputBox
2021-03-29 16:29:08-104337 Had find the element '  ' successfully by xpath via value://input[@type="text" and @placeholder="部门职位"]
2021-03-29 16:29:08-130267 Had type ' 董事长助理 ' in inputBox
2021-03-29 16:29:08-151212 Had find the element '  ' successfully by xpath via value://input[@type="text" and @placeholder="咨询资质"]
2021-03-29 16:29:08-174150 Had type ' 工程造价 ' in inputBox
2021-03-29 16:29:08-198087 Had find the element ' 请选择地区 ' successfully by css selector via value:#xmSelect div.xm-tips
2021-03-29 16:29:08-429016 The element was click
2021-03-29 16:29:08-950412 Had find the element ' 广东省 ' successfully by xpath via value://div[contains(text(),"广东省")]
2021-03-29 16:29:09-168504 The element was click
2021-03-29 16:29:20-074528 Timeout查找元素超时
2021-03-29 16:29:20-077515 Had find the element '  ' successfully by xpath via value://div[contains(text(),"广州市")]
2021-03-29 16:29:20-453013 The page has been refreshed
2021-03-29 16:29:20-672424 Had find the element ' 首页概览 ' successfully by xpath via value://cite[contains(text(),"首页概览")]
2021-03-29 16:29:20-738248 Had find the element ' 首页概览 ' successfully by xpath via value://cite[contains(text(),"首页概览")]
2021-03-29 16:29:20-982594 The element was click
