2021-03-29 15:09:50-430321 You had select Chrome browser!
2021-03-29 15:09:50-430321 You had select E:\Python\chromedriver_win32\chromedriver.exe 
2021-03-29 15:09:50-430321 The test server url is http://192.168.1.25/crmViewX
2021-03-29 15:09:52-388348 Starting Chorme browser!
2021-03-29 15:09:52-732427 Open url http://192.168.1.25/crmViewX 
2021-03-29 15:09:52-734422 Set implicitly wait 10
2021-03-29 15:09:52-853104 Had find the element '  ' successfully by id via value:username
2021-03-29 15:09:52-968843 Had type ' 15515381638 ' in inputBox
2021-03-29 15:09:53-000084 Had find the element '  ' successfully by id via value:password
2021-03-29 15:09:53-093813 Had type ' 18002269982 ' in inputBox
2021-03-29 15:09:53-125056 Had find the element ' 登录 ' successfully by css selector via value:.loginItem .layui-form-item button
2021-03-29 15:09:53-216593 The element was click
2021-03-29 15:09:53-704210 Had find the element ' 客户管理 ' successfully by xpath via value://cite[contains(text(),"客户管理")]
2021-03-29 15:09:53-770035 Had find the element ' 客户管理 ' successfully by xpath via value://cite[contains(text(),"客户管理")]
2021-03-29 15:09:53-849821 The element was click
2021-03-29 15:09:54-004407 Had find the element ' 待跟客户 ' successfully by xpath via value://cite[contains(text(),"待跟客户")]
2021-03-29 15:09:54-154007 Had find the element ' 待跟客户 ' successfully by xpath via value://cite[contains(text(),"待跟客户")]
2021-03-29 15:09:54-234792 The element was click
2021-03-29 15:09:54-330535 Had find the element '  ' successfully by xpath via value://iframe[@src="pages/market/wait/wait.html"]
2021-03-29 15:09:54-436253 Switch to the iframe
2021-03-29 15:09:54-703538 Had find the element ' 创建客户 ' successfully by xpath via value://button[@permission="45" and @lay-event="createCus"]
2021-03-29 15:09:55-241101 The element was click
2021-03-29 15:09:55-313906 Had find the element '  ' successfully by id via value:layui-layer-iframe2
2021-03-29 15:09:55-557284 Switch to the iframe
2021-03-29 15:09:55-789628 Had find the element '  ' successfully by xpath via value://input[@type="text" and @placeholder="公司名称"]
2021-03-29 15:09:56-016022 Had type ' 公司名称20210329150955 ' in inputBox
2021-03-29 15:09:56-045706 Had find the element '  ' successfully by xpath via value://input[@type="text" and @placeholder="联系电话"]
2021-03-29 15:09:56-153229 Had type ' 14583181030 ' in inputBox
2021-03-29 15:09:56-197111 Had find the element '  ' successfully by xpath via value://input[@type="text" and @placeholder="联系微信"]
2021-03-29 15:09:56-320782 Had type ' wx20210329150955 ' in inputBox
2021-03-29 15:09:56-350701 Had find the element '  ' successfully by xpath via value://input[@type="text" and @placeholder="联系QQ"]
2021-03-29 15:09:56-448260 Had type ' 14772959302 ' in inputBox
2021-03-29 15:09:56-471913 Had find the element '  ' successfully by xpath via value://input[@type="text" and @placeholder="联系人员"]
2021-03-29 15:09:56-568970 Had type ' 联系人20210329150955 ' in inputBox
2021-03-29 15:09:56-600163 Had find the element '  ' successfully by xpath via value://input[@type="text" and @placeholder="email"]
2021-03-29 15:09:56-714203 Had type ' 17799407498@test.com ' in inputBox
2021-03-29 15:09:56-747554 Had find the element '  ' successfully by xpath via value://input[@type="text" and @placeholder="部门职位"]
2021-03-29 15:09:56-860975 Had type ' 董事长助理 ' in inputBox
2021-03-29 15:09:56-887900 Had find the element '  ' successfully by xpath via value://input[@type="text" and @placeholder="咨询资质"]
2021-03-29 15:09:56-975751 Had type ' 工程造价 ' in inputBox
2021-03-29 15:09:57-000582 Had find the element ' 请选择地区 ' successfully by css selector via value:#xmSelect div.xm-tips
2021-03-29 15:09:57-114862 The element was click
2021-03-29 15:09:57-642185 Had find the element ' 广东省 ' successfully by xpath via value://div[contains(text(),"广东省")]
2021-03-29 15:09:57-740919 The element was click
2021-03-29 15:09:58-267509 Had find the element ' 广州市 ' successfully by xpath via value://div[contains(text(),"广州市")]
2021-03-29 15:09:58-358266 The element was click
2021-03-29 15:09:58-389183 Had find the element '  ' successfully by xpath via value://input[@type="text" and @placeholder="请选择资质类型"]
2021-03-29 15:09:58-483931 The element was click
2021-03-29 15:09:58-513850 Had find the element ' 施工 ' successfully by xpath via value://dd[contains(text(),"施工")]
2021-03-29 15:09:58-600618 The element was click
2021-03-29 15:09:58-628547 Had find the element '  ' successfully by css selector via value:#mount #text_txt1
2021-03-29 15:09:58-757200 Had type ' 测试创建客户20210329150955 ' in inputBox
2021-03-29 15:09:58-797093 Had find the element ' 信息保存 ' successfully by css selector via value:#mount .layui-btn
2021-03-29 15:09:58-895829 The element was click
2021-03-29 15:10:01-985623 The page has been refreshed
2021-03-29 15:10:02-220992 Had find the element '  ' successfully by xpath via value://iframe[@src="pages/market/wait/wait.html"]
2021-03-29 15:10:02-284821 Switch to the iframe
2021-03-29 15:10:02-319728 Had find the element '  ' successfully by id via value:cnOrPnOrPInp
2021-03-29 15:10:02-480312 Had type ' 公司名称20210329150955 ' in inputBox
2021-03-29 15:10:02-506639 Had find the element ' 查询 ' successfully by id via value:search
2021-03-29 15:10:03-048877 The element was click
2021-03-29 15:10:13-617401 Timeout查找元素超时
2021-03-29 15:10:23-621165 NoSuchElementException:Message: no such element: Unable to locate element: {"method":"css selector","selector":".layui-table-main tbody td:nth-child(4)"}
  (Session info: chrome=89.0.4389.90)

2021-03-29 15:10:23-938468 Had take screenshot and save to folder : /screenshots
2021-03-29 15:10:24-233049 The page has been refreshed
2021-03-29 15:10:24-468568 Had find the element ' 首页概览 ' successfully by xpath via value://cite[contains(text(),"首页概览")]
2021-03-29 15:10:24-528410 Had find the element ' 首页概览 ' successfully by xpath via value://cite[contains(text(),"首页概览")]
2021-03-29 15:10:24-587252 The element was click
2021-03-29 15:10:24-662050 Had find the element ' 客户管理 ' successfully by xpath via value://cite[contains(text(),"客户管理")]
2021-03-29 15:10:24-787716 Had find the element ' 客户管理 ' successfully by xpath via value://cite[contains(text(),"客户管理")]
2021-03-29 15:10:24-863513 The element was click
2021-03-29 15:10:25-422348 Had find the element ' 待跟客户 ' successfully by xpath via value://cite[contains(text(),"待跟客户")]
2021-03-29 15:10:25-466231 Had find the element ' 待跟客户 ' successfully by xpath via value://cite[contains(text(),"待跟客户")]
2021-03-29 15:10:25-504130 The element was click
2021-03-29 15:10:25-572945 Had find the element '  ' successfully by xpath via value://iframe[@src="pages/market/wait/wait.html"]
2021-03-29 15:10:25-685645 Switch to the iframe
2021-03-29 15:10:26-357794 Had find the element ' 创建客户 ' successfully by xpath via value://button[@permission="45" and @lay-event="createCus"]
2021-03-29 15:10:26-581983 The element was click
2021-03-29 15:10:36-746450 Timeout查找元素超时
2021-03-29 15:10:36-746450 Had find the element '  ' successfully by id via value:layui-layer-iframe2
2021-03-29 15:10:36-777621 Switch to the iframe
2021-03-29 15:10:36-793242 Had find the element '  ' successfully by xpath via value://input[@type="text" and @placeholder="公司名称"]
2021-03-29 15:10:36-886971 Had type ' 公司名称20210329151036 ' in inputBox
2021-03-29 15:10:36-908402 Had find the element '  ' successfully by xpath via value://input[@type="text" and @placeholder="联系电话"]
2021-03-29 15:10:36-986510 Had type ' 14743513441 ' in inputBox
2021-03-29 15:10:37-017752 Had find the element '  ' successfully by xpath via value://input[@type="text" and @placeholder="联系微信"]
2021-03-29 15:10:37-095860 Had type ' wx20210329151036 ' in inputBox
2021-03-29 15:10:37-111480 Had find the element '  ' successfully by xpath via value://input[@type="text" and @placeholder="联系QQ"]
2021-03-29 15:10:37-189586 Had type ' 13755521225 ' in inputBox
2021-03-29 15:10:37-220830 Had find the element '  ' successfully by xpath via value://input[@type="text" and @placeholder="联系人员"]
2021-03-29 15:10:37-298936 Had type ' 联系人20210329151036 ' in inputBox
2021-03-29 15:10:37-330178 Had find the element '  ' successfully by xpath via value://input[@type="text" and @placeholder="email"]
2021-03-29 15:10:37-408284 Had type ' 13542007041@test.com ' in inputBox
2021-03-29 15:10:37-423906 Had find the element '  ' successfully by xpath via value://input[@type="text" and @placeholder="部门职位"]
2021-03-29 15:10:37-502012 Had type ' 董事长助理 ' in inputBox
2021-03-29 15:10:37-517634 Had find the element '  ' successfully by xpath via value://input[@type="text" and @placeholder="咨询资质"]
2021-03-29 15:10:37-595740 Had type ' 工程造价 ' in inputBox
2021-03-29 15:10:37-626984 Had find the element ' 请选择地区 ' successfully by css selector via value:#xmSelect div.xm-tips
2021-03-29 15:10:49-391657 Timeout查找元素超时
2021-03-29 15:10:59-423370 NoSuchElementException:Message: no such element: Unable to locate element: {"method":"xpath","selector":"//cite[contains(text(),"客户管理")]"}
  (Session info: chrome=89.0.4389.90)

2021-03-29 15:10:59-852459 Had take screenshot and save to folder : /screenshots
2021-03-29 15:11:10-394697 Timeout查找元素超时
2021-03-29 15:11:20-443179 NoSuchElementException:Message: no such element: Unable to locate element: {"method":"xpath","selector":"//cite[contains(text(),"待跟客户")]"}
  (Session info: chrome=89.0.4389.90)

2021-03-29 15:11:20-770309 Had take screenshot and save to folder : /screenshots
2021-03-29 15:11:31-329924 Timeout查找元素超时
2021-03-29 15:11:41-382960 NoSuchElementException:Message: no such element: Unable to locate element: {"method":"xpath","selector":"//iframe[@src="pages/market/wait/wait.html"]"}
  (Session info: chrome=89.0.4389.90)

2021-03-29 15:11:41-718767 Had take screenshot and save to folder : /screenshots
2021-03-29 15:11:41-721742 Switch to the iframe
2021-03-29 15:11:52-268844 Timeout查找元素超时
2021-03-29 15:12:02-325145 NoSuchElementException:Message: no such element: Unable to locate element: {"method":"xpath","selector":"//button[@permission="45" and @lay-event="createCus"]"}
  (Session info: chrome=89.0.4389.90)

2021-03-29 15:12:02-673171 Had take screenshot and save to folder : /screenshots
2021-03-29 15:12:02-749721 Had find the element ' 客户管理 ' successfully by xpath via value://cite[contains(text(),"客户管理")]
2021-03-29 15:12:02-786716 Had find the element ' 客户管理 ' successfully by xpath via value://cite[contains(text(),"客户管理")]
2021-03-29 15:12:02-827598 The element was click
2021-03-29 15:12:02-855368 Had find the element ' 待跟客户 ' successfully by xpath via value://cite[contains(text(),"待跟客户")]
2021-03-29 15:12:02-903243 Had find the element ' 待跟客户 ' successfully by xpath via value://cite[contains(text(),"待跟客户")]
2021-03-29 15:12:02-951932 The element was click
2021-03-29 15:12:02-973872 Had find the element '  ' successfully by xpath via value://iframe[@src="pages/market/wait/wait.html"]
2021-03-29 15:12:03-001797 Switch to the iframe
2021-03-29 15:12:03-023739 Had find the element ' 创建客户 ' successfully by xpath via value://button[@permission="45" and @lay-event="createCus"]
2021-03-29 15:12:14-724970 Timeout查找元素超时
2021-03-29 15:12:24-753098 NoSuchElementException:Message: no such element: Unable to locate element: {"method":"xpath","selector":"//cite[contains(text(),"客户管理")]"}
  (Session info: chrome=89.0.4389.90)

2021-03-29 15:12:25-097388 Had take screenshot and save to folder : /screenshots
2021-03-29 15:12:35-651718 Timeout查找元素超时
2021-03-29 15:12:45-686767 NoSuchElementException:Message: no such element: Unable to locate element: {"method":"xpath","selector":"//cite[contains(text(),"待跟客户")]"}
  (Session info: chrome=89.0.4389.90)

2021-03-29 15:12:46-017856 Had take screenshot and save to folder : /screenshots
2021-03-29 15:12:56-565041 Timeout查找元素超时
2021-03-29 15:13:06-617328 NoSuchElementException:Message: no such element: Unable to locate element: {"method":"xpath","selector":"//iframe[@src="pages/market/wait/wait.html"]"}
  (Session info: chrome=89.0.4389.90)

2021-03-29 15:13:06-980099 Had take screenshot and save to folder : /screenshots
2021-03-29 15:13:06-983063 Switch to the iframe
2021-03-29 15:13:17-520131 Timeout查找元素超时
2021-03-29 15:13:27-530705 NoSuchElementException:Message: no such element: Unable to locate element: {"method":"xpath","selector":"//button[@permission="45" and @lay-event="createCus"]"}
  (Session info: chrome=89.0.4389.90)

2021-03-29 15:13:27-910771 Had take screenshot and save to folder : /screenshots
2021-03-29 15:13:27-992553 Had find the element ' 客户管理 ' successfully by xpath via value://cite[contains(text(),"客户管理")]
2021-03-29 15:13:28-032519 Had find the element ' 客户管理 ' successfully by xpath via value://cite[contains(text(),"客户管理")]
2021-03-29 15:13:28-068817 The element was click
2021-03-29 15:13:38-499850 Timeout查找元素超时
2021-03-29 15:13:38-505834 Had find the element '  ' successfully by xpath via value://cite[contains(text(),"待跟客户")]
2021-03-29 15:13:38-543572 Had find the element '  ' successfully by xpath via value://iframe[@src="pages/market/wait/wait.html"]
2021-03-29 15:13:38-567508 Switch to the iframe
2021-03-29 15:13:38-586453 Had find the element ' 创建客户 ' successfully by xpath via value://button[@permission="45" and @lay-event="createCus"]
2021-03-29 15:13:38-670236 The element was click
2021-03-29 15:13:49-199168 Timeout查找元素超时
2021-03-29 15:13:59-237634 NoSuchElementException:Message: no such element: Unable to locate element: {"method":"css selector","selector":"[id="layui-layer-iframe2"]"}
  (Session info: chrome=89.0.4389.90)

2021-03-29 15:13:59-575628 Had take screenshot and save to folder : /screenshots
2021-03-29 15:13:59-577624 Switch to the iframe
2021-03-29 15:14:10-128966 Timeout查找元素超时
2021-03-29 15:14:20-151486 NoSuchElementException:Message: no such element: Unable to locate element: {"method":"xpath","selector":"//input[@type="text" and @placeholder="公司名称"]"}
  (Session info: chrome=89.0.4389.90)

2021-03-29 15:14:20-546310 Had take screenshot and save to folder : /screenshots
