2021-03-29 17:21:46-855680 You had select Firefox browser!
2021-03-29 17:21:46-855680 You had select None 
2021-03-29 17:21:46-856651 The test server url is http://192.168.1.25/crmViewX
2021-03-29 17:21:53-607744 Starting Firefox browser!
2021-03-29 17:21:54-185114 Open url http://192.168.1.25/crmViewX 
2021-03-29 17:21:54-188106 Set implicitly wait 10
2021-03-29 17:21:54-318757 Had find the element '  ' successfully by id via value:username
2021-03-29 17:21:54-365632 Had type ' 15515381638 ' in inputBox
2021-03-29 17:21:54-385579 Had find the element '  ' successfully by id via value:password
2021-03-29 17:21:54-413504 Had type ' 18002269982 ' in inputBox
2021-03-29 17:21:54-434447 Had find the element ' 登录 ' successfully by css selector via value:.loginItem .layui-form-item button
2021-03-29 17:21:54-682783 The element was click
2021-03-29 17:21:54-927129 Had find the element ' 客户管理 ' successfully by xpath via value://cite[contains(text(),"客户管理")]
2021-03-29 17:21:54-984975 Had find the element ' 客户管理 ' successfully by xpath via value://cite[contains(text(),"客户管理")]
2021-03-29 17:21:55-204387 The element was click
2021-03-29 17:21:55-234308 Had find the element ' 待跟客户 ' successfully by xpath via value://cite[contains(text(),"待跟客户")]
2021-03-29 17:21:55-364958 Had find the element ' 待跟客户 ' successfully by xpath via value://cite[contains(text(),"待跟客户")]
2021-03-29 17:21:55-597336 The element was click
2021-03-29 17:21:55-622270 Had find the element '  ' successfully by xpath via value://iframe[@src="pages/market/wait/wait.html"]
2021-03-29 17:21:55-632243 Switch to the iframe
2021-03-29 17:21:56-226250 Had find the element ' 创建客户 ' successfully by xpath via value://button[@permission="45" and @lay-event="createCus"]
2021-03-29 17:21:56-449713 The element was click
2021-03-29 17:21:56-501576 Had find the element '  ' successfully by id via value:layui-layer-iframe2
2021-03-29 17:21:56-649178 Switch to the iframe
2021-03-29 17:21:56-684085 Had find the element '  ' successfully by xpath via value://input[@type="text" and @placeholder="公司名称"]
2021-03-29 17:21:56-705029 Had type ' 公司名称20210329172156 ' in inputBox
2021-03-29 17:21:56-731958 Had find the element '  ' successfully by xpath via value://input[@type="text" and @placeholder="联系电话"]
2021-03-29 17:21:56-749908 Had type ' 13344221163 ' in inputBox
2021-03-29 17:21:56-767861 Had find the element '  ' successfully by xpath via value://input[@type="text" and @placeholder="联系微信"]
2021-03-29 17:21:56-792804 Had type ' wx20210329172156 ' in inputBox
2021-03-29 17:21:56-813739 Had find the element '  ' successfully by xpath via value://input[@type="text" and @placeholder="联系QQ"]
2021-03-29 17:21:56-831690 Had type ' 17367090926 ' in inputBox
2021-03-29 17:21:56-849644 Had find the element '  ' successfully by xpath via value://input[@type="text" and @placeholder="联系人员"]
2021-03-29 17:21:56-870586 Had type ' 联系人20210329172156 ' in inputBox
2021-03-29 17:21:56-888538 Had find the element '  ' successfully by xpath via value://input[@type="text" and @placeholder="email"]
2021-03-29 17:21:56-916464 Had type ' 14976984102@test.com ' in inputBox
2021-03-29 17:21:56-934415 Had find the element '  ' successfully by xpath via value://input[@type="text" and @placeholder="部门职位"]
2021-03-29 17:21:56-953365 Had type ' 董事长助理 ' in inputBox
2021-03-29 17:21:56-972313 Had find the element '  ' successfully by xpath via value://input[@type="text" and @placeholder="咨询资质"]
2021-03-29 17:21:56-988210 Had type ' 工程造价 ' in inputBox
2021-03-29 17:21:56-997216 Had find the elements  successfully by xpath via value://input[@class="layui-input layui-unselect" and @type="text" and @placeholder="请选择"]
2021-03-29 17:22:17-415543 Had find the elements  successfully by xpath via value://select[@lay-filter="sourceChannel" and @name="sourceChannel"]
2021-03-29 17:22:17-755552 The page has been refreshed
2021-03-29 17:22:17-957014 Had find the element ' 首页概览 ' successfully by xpath via value://cite[contains(text(),"首页概览")]
2021-03-29 17:22:18-033807 Had find the element ' 首页概览 ' successfully by xpath via value://cite[contains(text(),"首页概览")]
2021-03-29 17:22:18-272170 The element was click
