2021-03-29 17:17:01-677738 You had select Firefox browser!
2021-03-29 17:17:01-677738 You had select None 
2021-03-29 17:17:01-677738 The test server url is http://192.168.1.25/crmViewX
2021-03-29 17:17:07-940643 Starting Firefox browser!
2021-03-29 17:17:08-494230 Open url http://192.168.1.25/crmViewX 
2021-03-29 17:17:08-497221 Set implicitly wait 10
2021-03-29 17:17:08-634853 Had find the element '  ' successfully by id via value:username
2021-03-29 17:17:08-682726 Had type ' 15515381638 ' in inputBox
2021-03-29 17:17:08-710650 Had find the element '  ' successfully by id via value:password
2021-03-29 17:17:08-744558 Had type ' 18002269982 ' in inputBox
2021-03-29 17:17:08-764506 Had find the element ' 登录 ' successfully by css selector via value:.loginItem .layui-form-item button
2021-03-29 17:17:09-027801 The element was click
2021-03-29 17:17:09-269155 Had find the element ' 客户管理 ' successfully by xpath via value://cite[contains(text(),"客户管理")]
2021-03-29 17:17:09-328995 Had find the element ' 客户管理 ' successfully by xpath via value://cite[contains(text(),"客户管理")]
2021-03-29 17:17:09-548407 The element was click
2021-03-29 17:17:09-570350 Had find the element ' 待跟客户 ' successfully by xpath via value://cite[contains(text(),"待跟客户")]
2021-03-29 17:17:09-708978 Had find the element ' 待跟客户 ' successfully by xpath via value://cite[contains(text(),"待跟客户")]
2021-03-29 17:17:09-935372 The element was click
2021-03-29 17:17:09-954321 Had find the element '  ' successfully by xpath via value://iframe[@src="pages/market/wait/wait.html"]
2021-03-29 17:17:09-968285 Switch to the iframe
2021-03-29 17:17:10-582845 Had find the element ' 创建客户 ' successfully by xpath via value://button[@permission="45" and @lay-event="createCus"]
2021-03-29 17:17:10-805251 The element was click
2021-03-29 17:17:11-020675 Had find the element '  ' successfully by id via value:layui-layer-iframe2
2021-03-29 17:17:11-038626 Switch to the iframe
2021-03-29 17:17:11-071538 Had find the element '  ' successfully by xpath via value://input[@type="text" and @placeholder="公司名称"]
2021-03-29 17:17:11-115420 Had type ' 公司名称20210329171711 ' in inputBox
2021-03-29 17:17:11-139359 Had find the element '  ' successfully by xpath via value://input[@type="text" and @placeholder="联系电话"]
2021-03-29 17:17:11-180247 Had type ' 18620918826 ' in inputBox
2021-03-29 17:17:11-208183 Had find the element '  ' successfully by xpath via value://input[@type="text" and @placeholder="联系微信"]
2021-03-29 17:17:11-246075 Had type ' wx20210329171711 ' in inputBox
2021-03-29 17:17:11-266020 Had find the element '  ' successfully by xpath via value://input[@type="text" and @placeholder="联系QQ"]
2021-03-29 17:17:11-300925 Had type ' 14913807676 ' in inputBox
2021-03-29 17:17:11-321869 Had find the element '  ' successfully by xpath via value://input[@type="text" and @placeholder="联系人员"]
2021-03-29 17:17:11-357772 Had type ' 联系人20210329171711 ' in inputBox
2021-03-29 17:17:11-376723 Had find the element '  ' successfully by xpath via value://input[@type="text" and @placeholder="email"]
2021-03-29 17:17:11-407639 Had type ' 15751323505@test.com ' in inputBox
2021-03-29 17:17:11-426590 Had find the element '  ' successfully by xpath via value://input[@type="text" and @placeholder="部门职位"]
2021-03-29 17:17:11-451522 Had type ' 董事长助理 ' in inputBox
2021-03-29 17:17:11-483436 Had find the element '  ' successfully by xpath via value://input[@type="text" and @placeholder="咨询资质"]
2021-03-29 17:17:11-513356 Had type ' 工程造价 ' in inputBox
2021-03-29 17:17:11-545272 Had find the element ' 请选择地区 ' successfully by css selector via value:#xmSelect div.xm-tips
2021-03-29 17:17:11-776695 The element was click
2021-03-29 17:17:12-319993 Had find the element ' 广东省 ' successfully by xpath via value://div[contains(text(),"广东省")]
2021-03-29 17:17:12-543557 The element was click
2021-03-29 17:17:13-065134 Had find the element ' 广州市 ' successfully by xpath via value://div[contains(text(),"广州市")]
2021-03-29 17:17:13-292765 The element was click
2021-03-29 17:17:13-310716 Had find the element '  ' successfully by xpath via value://input[@type="text" and @placeholder="请选择资质类型"]
2021-03-29 17:17:13-533705 The element was click
2021-03-29 17:17:13-581541 Had find the element ' 施工 ' successfully by xpath via value://dd[contains(text(),"施工")]
2021-03-29 17:17:13-796235 The element was click
2021-03-29 17:17:13-813188 Had find the element '  ' successfully by css selector via value:#mount #text_txt1
2021-03-29 17:17:13-844106 Had type ' 测试创建客户20210329171711 ' in inputBox
2021-03-29 17:17:13-868044 Had find the element ' 信息保存 ' successfully by css selector via value:#mount .layui-btn
2021-03-29 17:17:14-098713 The element was click
2021-03-29 17:17:17-266377 The page has been refreshed
2021-03-29 17:17:17-422959 Had find the element '  ' successfully by xpath via value://iframe[@src="pages/market/wait/wait.html"]
2021-03-29 17:17:17-449888 Switch to the iframe
2021-03-29 17:17:17-500750 Had find the element '  ' successfully by id via value:cnOrPnOrPInp
2021-03-29 17:17:17-551614 Had type ' 公司名称20210329171711 ' in inputBox
2021-03-29 17:17:17-590512 Had find the element ' 查询 ' successfully by id via value:search
2021-03-29 17:17:17-866774 The element was click
2021-03-29 17:17:28-377016 Timeout查找元素超时
2021-03-29 17:17:38-378744 NoSuchElementException:Message: Unable to locate element: .layui-table-main tbody td:nth-child(4)

2021-03-29 17:17:38-464137 Had take screenshot and save to folder : /screenshots
2021-03-29 17:17:38-781265 The page has been refreshed
2021-03-29 17:17:38-949813 Had find the element ' 首页概览 ' successfully by xpath via value://cite[contains(text(),"首页概览")]
2021-03-29 17:17:39-043563 Had find the element ' 首页概览 ' successfully by xpath via value://cite[contains(text(),"首页概览")]
2021-03-29 17:17:39-301870 The element was click
